c:\users\aalca\documents\github\-engine\engine\build\engine.dir\debug\vc143.pdb
c:\users\aalca\documents\github\-engine\engine\build\engine.dir\debug\cmakefiles\4.0.0\compileridcxx\cmakecxxcompilerid.cpp.obj
c:\users\aalca\documents\github\-engine\engine\build\engine.dir\debug\vcpkg_installed\vcpkg\blds\detect_compiler\x64-windows-rel\cmakefiles\3.30.1\compileridcxx\cmakecxxcompilerid.cpp.obj
c:\users\aalca\documents\github\-engine\engine\build\engine.dir\debug\main.obj
c:\users\aalca\documents\github\-engine\engine\build\engine.dir\debug\application.obj
c:\users\aalca\documents\github\-engine\engine\build\cmakefiles\generate.stamp
c:\users\aalca\documents\github\-engine\engine\build\debug\engine.exe
c:\users\aalca\documents\github\-engine\engine\build\debug\engine.pdb
c:\users\aalca\documents\github\-engine\engine\build\engine.dir\debug\engine.ilk
c:\users\aalca\documents\github\-engine\engine\build\engine.dir\debug\main.cpp.obj
c:\users\aalca\documents\github\-engine\engine\build\engine.dir\debug\engine.tlog\cl.command.1.tlog
c:\users\aalca\documents\github\-engine\engine\build\engine.dir\debug\engine.tlog\cl.items.tlog
c:\users\aalca\documents\github\-engine\engine\build\engine.dir\debug\engine.tlog\cl.read.1.tlog
c:\users\aalca\documents\github\-engine\engine\build\engine.dir\debug\engine.tlog\cl.write.1.tlog
c:\users\aalca\documents\github\-engine\engine\build\engine.dir\debug\engine.tlog\custombuild.command.1.tlog
c:\users\aalca\documents\github\-engine\engine\build\engine.dir\debug\engine.tlog\custombuild.read.1.tlog
c:\users\aalca\documents\github\-engine\engine\build\engine.dir\debug\engine.tlog\custombuild.write.1.tlog
c:\users\aalca\documents\github\-engine\engine\build\engine.dir\debug\engine.tlog\link.command.1.tlog
c:\users\aalca\documents\github\-engine\engine\build\engine.dir\debug\engine.tlog\link.read.1.tlog
c:\users\aalca\documents\github\-engine\engine\build\engine.dir\debug\engine.tlog\link.secondary.1.tlog
c:\users\aalca\documents\github\-engine\engine\build\engine.dir\debug\engine.tlog\link.write.1.tlog
